2025-06-20 10:43:47,136 - INFO - Iniciando aplicación FCFS
2025-06-20 10:43:47,684 - INFO - Controlador iniciado correctamente
2025-06-20 10:43:49,372 - INFO - Procesos FCFS calculados:
2025-06-20 10:43:49,372 - INFO - P1 | Llegada: 0 | Rafaga: 5 | Inicio: 0 | Final: 5 | Retorno: 5 | Espera: 0
2025-06-20 10:43:49,372 - INFO - P2 | Llegada: 2 | Rafaga: 3 | Inicio: 5 | Final: 8 | Retorno: 6 | Espera: 3
2025-06-20 10:43:49,372 - INFO - P3 | Llegada: 4 | Rafaga: 1 | Inicio: 8 | Final: 9 | Retorno: 5 | Espera: 4
2025-06-20 10:44:12,119 - INFO - Procesos FCFS calculados:
2025-06-20 10:44:12,120 - INFO - P1 | Llegada: 0 | Rafaga: 5 | Inicio: 0 | Final: 5 | Retorno: 5 | Espera: 0
2025-06-20 10:44:12,120 - INFO - P4 | Llegada: 0 | Rafaga: 1 | Inicio: 5 | Final: 6 | Retorno: 6 | Espera: 5
2025-06-20 10:44:12,120 - INFO - P5 | Llegada: 0 | Rafaga: 1 | Inicio: 6 | Final: 7 | Retorno: 7 | Espera: 6
2025-06-20 10:44:12,120 - INFO - P2 | Llegada: 2 | Rafaga: 3 | Inicio: 7 | Final: 10 | Retorno: 8 | Espera: 5
2025-06-20 10:44:12,120 - INFO - P3 | Llegada: 4 | Rafaga: 1 | Inicio: 10 | Final: 11 | Retorno: 7 | Espera: 6
2025-06-20 10:44:13,325 - INFO - Procesos FCFS calculados:
2025-06-20 10:44:13,326 - INFO - P1 | Llegada: 0 | Rafaga: 5 | Inicio: 2 | Final: 7 | Retorno: 7 | Espera: 2
2025-06-20 10:44:13,326 - INFO - P4 | Llegada: 0 | Rafaga: 1 | Inicio: 7 | Final: 8 | Retorno: 8 | Espera: 7
2025-06-20 10:44:13,326 - INFO - P5 | Llegada: 0 | Rafaga: 1 | Inicio: 8 | Final: 9 | Retorno: 9 | Espera: 8
2025-06-20 10:44:13,326 - INFO - P2 | Llegada: 2 | Rafaga: 3 | Inicio: 9 | Final: 12 | Retorno: 10 | Espera: 7
2025-06-20 10:44:13,326 - INFO - P6 | Llegada: 2 | Rafaga: 1 | Inicio: 12 | Final: 13 | Retorno: 11 | Espera: 10
2025-06-20 10:44:13,326 - INFO - P3 | Llegada: 4 | Rafaga: 1 | Inicio: 13 | Final: 14 | Retorno: 10 | Espera: 9
2025-06-20 10:44:21,504 - INFO - Procesos FCFS calculados:
2025-06-20 10:44:21,504 - INFO - P2 | Llegada: 2 | Rafaga: 3 | Inicio: 10 | Final: 13 | Retorno: 11 | Espera: 8
2025-06-20 10:44:21,504 - INFO - P6 | Llegada: 2 | Rafaga: 1 | Inicio: 13 | Final: 14 | Retorno: 12 | Espera: 11
2025-06-20 10:44:21,504 - INFO - P3 | Llegada: 4 | Rafaga: 1 | Inicio: 14 | Final: 15 | Retorno: 11 | Espera: 10
2025-06-20 10:44:21,505 - INFO - P7 | Llegada: 10 | Rafaga: 1 | Inicio: 15 | Final: 16 | Retorno: 6 | Espera: 5
2025-06-20 10:44:31,845 - INFO - Procesos FCFS calculados:
2025-06-20 10:44:31,846 - INFO - P1 | Llegada: 0 | Rafaga: 5 | Inicio: 0 | Final: 5 | Retorno: 5 | Espera: 0
2025-06-20 10:44:31,846 - INFO - P4 | Llegada: 0 | Rafaga: 1 | Inicio: 5 | Final: 6 | Retorno: 6 | Espera: 5
2025-06-20 10:44:31,846 - INFO - P5 | Llegada: 0 | Rafaga: 1 | Inicio: 6 | Final: 7 | Retorno: 7 | Espera: 6
2025-06-20 10:44:31,846 - INFO - P2 | Llegada: 2 | Rafaga: 3 | Inicio: 7 | Final: 10 | Retorno: 8 | Espera: 5
2025-06-20 10:44:31,846 - INFO - P6 | Llegada: 2 | Rafaga: 1 | Inicio: 10 | Final: 11 | Retorno: 9 | Espera: 8
2025-06-20 10:44:31,846 - INFO - P3 | Llegada: 4 | Rafaga: 1 | Inicio: 11 | Final: 12 | Retorno: 8 | Espera: 7
2025-06-20 10:44:31,847 - INFO - P7 | Llegada: 10 | Rafaga: 1 | Inicio: 12 | Final: 13 | Retorno: 3 | Espera: 2
2025-06-20 10:44:42,879 - INFO - Procesos FCFS calculados:
2025-06-20 10:44:42,879 - INFO - P3 | Llegada: 4 | Rafaga: 1 | Inicio: 11 | Final: 12 | Retorno: 8 | Espera: 7
2025-06-20 10:44:42,879 - INFO - P7 | Llegada: 10 | Rafaga: 1 | Inicio: 12 | Final: 13 | Retorno: 3 | Espera: 2
2025-06-20 10:44:42,879 - INFO - P8 | Llegada: 11 | Rafaga: 1 | Inicio: 13 | Final: 14 | Retorno: 3 | Espera: 2
2025-06-20 10:44:55,522 - INFO - Aplicación finalizada correctamente
